<?xml version="1.0" encoding="UTF-8"?>
<!-- Generated by org.testng.reporters.JUnitReportReporter -->
<testsuite hostname="EPHUBUDW07AD" failures="0" tests="4" name="cucumber.TestNGTestRunner" time="60.783" errors="0" timestamp="2023-03-07T18:46:28 CET" skipped="0">
  <testcase classname="cucumber.TestNGTestRunner" name="runScenario" time="5.157"/>
  <system-out/>
  <testcase classname="cucumber.TestNGTestRunner" name="runScenario" time="39.208"/>
  <system-out/>
  <testcase classname="cucumber.TestNGTestRunner" name="runScenario" time="6.898"/>
  <system-out/>
  <testcase classname="cucumber.TestNGTestRunner" name="runScenario" time="9.520"/>
  <system-out/>
</testsuite> <!-- cucumber.TestNGTestRunner -->
