<?xml version="1.0" encoding="UTF-8"?>
<!-- Generated by org.testng.reporters.JUnitReportReporter -->
<testsuite hostname="EPHUBUDW07AD" failures="0" tests="4" name="cucumber.TestNGTestRunner" time="92.654" errors="0" timestamp="2023-03-07T19:12:42 CET" skipped="0">
  <testcase classname="cucumber.TestNGTestRunner" name="runScenario" time="6.975"/>
  <system-out/>
  <testcase classname="cucumber.TestNGTestRunner" name="runScenario" time="40.175"/>
  <system-out/>
  <testcase classname="cucumber.TestNGTestRunner" name="runScenario" time="40.532"/>
  <system-out/>
  <testcase classname="cucumber.TestNGTestRunner" name="runScenario" time="4.972"/>
  <system-out/>
</testsuite> <!-- cucumber.TestNGTestRunner -->
